11:20:42.243 [main] DEBUG com.intuit.karate.Suite - [config] classpath:karate-config.js
11:20:42.659 [pool-2-thread-1] INFO  com.intuit.karate - karate.env system property was: null 
11:20:42.659 [pool-2-thread-2] INFO  com.intuit.karate - karate.env system property was: null 
11:20:42.750 [pool-2-thread-1] DEBUG com.intuit.karate - request:
1 > GET https://jsonplaceholder.typicode.com/users
1 > Host: jsonplaceholder.typicode.com
1 > Connection: Keep-Alive
1 > User-Agent: Apache-HttpClient/4.5.14 (Java/17.0.16)
1 > Accept-Encoding: gzip,deflate


11:20:42.751 [pool-2-thread-2] DEBUG com.intuit.karate - request:
1 > POST https://jsonplaceholder.typicode.com/users
1 > Content-Type: application/json; charset=UTF-8
1 > Content-Length: 160
1 > Host: jsonplaceholder.typicode.com
1 > Connection: Keep-Alive
1 > User-Agent: Apache-HttpClient/4.5.14 (Java/17.0.16)
1 > Accept-Encoding: gzip,deflate
{"name":"Test User","username":"testuser","email":"test@user.com","address":{"street":"Has No Name","suite":"Apt. 123","city":"Electri","zipcode":"54321-6789"}}

11:20:43.141 [pool-2-thread-1] DEBUG com.intuit.karate - response time in milliseconds: 388
1 < 200
1 < Date: Mon, 29 Dec 2025 07:20:43 GMT
1 < Content-Type: application/json; charset=utf-8
1 < Transfer-Encoding: chunked
1 < Connection: keep-alive
1 < access-control-allow-credentials: true
1 < Cache-Control: max-age=43200
1 < etag: W/"160d-1eMSsxeJRfnVLRBmYJSbCiJZ1qQ"
1 < expires: -1
1 < nel: {"report_to":"heroku-nel","response_headers":["Via"],"max_age":3600,"success_fraction":0.01,"failure_fraction":0.1}
1 < pragma: no-cache
1 < report-to: {"group":"heroku-nel","endpoints":[{"url":"https://nel.heroku.com/reports?s=%2Fp0dMYLYO%2BOQW1v4LnmQ9Bilvvv4KWr45mHqAj86V%2BE%3D\u0026sid=e11707d5-02a7-43ef-b45e-2cf4d2036f7d\u0026ts=1763091872"}],"max_age":3600}
1 < reporting-endpoints: heroku-nel="https://nel.heroku.com/reports?s=%2Fp0dMYLYO%2BOQW1v4LnmQ9Bilvvv4KWr45mHqAj86V%2BE%3D&sid=e11707d5-02a7-43ef-b45e-2cf4d2036f7d&ts=1763091872"
1 < Server: cloudflare
1 < vary: Origin, Accept-Encoding
1 < via: 2.0 heroku-router
1 < x-content-type-options: nosniff
1 < x-powered-by: Express
1 < x-ratelimit-limit: 1000
1 < x-ratelimit-remaining: 999
1 < x-ratelimit-reset: 1763091893
1 < Age: 14126
1 < cf-cache-status: HIT
1 < Server-Timing: cfCacheStatus;desc="HIT"
1 < Server-Timing: cfEdge;dur=3,cfOrigin;dur=0
1 < CF-RAY: 9b5789556c3ee1bc-MRS
1 < alt-svc: h3=":443"; ma=86400
[
  {
    "id": 1,
    "name": "Leanne Graham",
    "username": "Bret",
    "email": "Sincere@april.biz",
    "address": {
      "street": "Kulas Light",
      "suite": "Apt. 556",
      "city": "Gwenborough",
      "zipcode": "92998-3874",
      "geo": {
        "lat": "-37.3159",
        "lng": "81.1496"
      }
    },
    "phone": "1-770-736-8031 x56442",
    "website": "hildegard.org",
    "company": {
      "name": "Romaguera-Crona",
      "catchPhrase": "Multi-layered client-server neural-net",
      "bs": "harness real-time e-markets"
    }
  },
  {
    "id": 2,
    "name": "Ervin Howell",
    "username": "Antonette",
    "email": "Shanna@melissa.tv",
    "address": {
      "street": "Victor Plains",
      "suite": "Suite 879",
      "city": "Wisokyburgh",
      "zipcode": "90566-7771",
      "geo": {
        "lat": "-43.9509",
        "lng": "-34.4618"
      }
    },
    "phone": "010-692-6593 x09125",
    "website": "anastasia.net",
    "company": {
      "name": "Deckow-Crist",
      "catchPhrase": "Proactive didactic contingency",
      "bs": "synergize scalable supply-chains"
    }
  },
  {
    "id": 3,
    "name": "Clementine Bauch",
    "username": "Samantha",
    "email": "Nathan@yesenia.net",
    "address": {
      "street": "Douglas Extension",
      "suite": "Suite 847",
      "city": "McKenziehaven",
      "zipcode": "59590-4157",
      "geo": {
        "lat": "-68.6102",
        "lng": "-47.0653"
      }
    },
    "phone": "1-463-123-4447",
    "website": "ramiro.info",
    "company": {
      "name": "Romaguera-Jacobson",
      "catchPhrase": "Face to face bifurcated interface",
      "bs": "e-enable strategic applications"
    }
  },
  {
    "id": 4,
    "name": "Patricia Lebsack",
    "username": "Karianne",
    "email": "Julianne.OConner@kory.org",
    "address": {
      "street": "Hoeger Mall",
      "suite": "Apt. 692",
      "city": "South Elvis",
      "zipcode": "53919-4257",
      "geo": {
        "lat": "29.4572",
        "lng": "-164.2990"
      }
    },
    "phone": "493-170-9623 x156",
    "website": "kale.biz",
    "company": {
      "name": "Robel-Corkery",
      "catchPhrase": "Multi-tiered zero tolerance productivity",
      "bs": "transition cutting-edge web services"
    }
  },
  {
    "id": 5,
    "name": "Chelsey Dietrich",
    "username": "Kamren",
    "email": "Lucio_Hettinger@annie.ca",
    "address": {
      "street": "Skiles Walks",
      "suite": "Suite 351",
      "city": "Roscoeview",
      "zipcode": "33263",
      "geo": {
        "lat": "-31.8129",
        "lng": "62.5342"
      }
    },
    "phone": "(254)954-1289",
    "website": "demarco.info",
    "company": {
      "name": "Keebler LLC",
      "catchPhrase": "User-centric fault-tolerant solution",
      "bs": "revolutionize end-to-end systems"
    }
  },
  {
    "id": 6,
    "name": "Mrs. Dennis Schulist",
    "username": "Leopoldo_Corkery",
    "email": "Karley_Dach@jasper.info",
    "address": {
      "street": "Norberto Crossing",
      "suite": "Apt. 950",
      "city": "South Christy",
      "zipcode": "23505-1337",
      "geo": {
        "lat": "-71.4197",
        "lng": "71.7478"
      }
    },
    "phone": "1-477-935-8478 x6430",
    "website": "ola.org",
    "company": {
      "name": "Considine-Lockman",
      "catchPhrase": "Synchronised bottom-line interface",
      "bs": "e-enable innovative applications"
    }
  },
  {
    "id": 7,
    "name": "Kurtis Weissnat",
    "username": "Elwyn.Skiles",
    "email": "Telly.Hoeger@billy.biz",
    "address": {
      "street": "Rex Trail",
      "suite": "Suite 280",
      "city": "Howemouth",
      "zipcode": "58804-1099",
      "geo": {
        "lat": "24.8918",
        "lng": "21.8984"
      }
    },
    "phone": "210.067.6132",
    "website": "elvis.io",
    "company": {
      "name": "Johns Group",
      "catchPhrase": "Configurable multimedia task-force",
      "bs": "generate enterprise e-tailers"
    }
  },
  {
    "id": 8,
    "name": "Nicholas Runolfsdottir V",
    "username": "Maxime_Nienow",
    "email": "Sherwood@rosamond.me",
    "address": {
      "street": "Ellsworth Summit",
      "suite": "Suite 729",
      "city": "Aliyaview",
      "zipcode": "45169",
      "geo": {
        "lat": "-14.3990",
        "lng": "-120.7677"
      }
    },
    "phone": "586.493.6943 x140",
    "website": "jacynthe.com",
    "company": {
      "name": "Abernathy Group",
      "catchPhrase": "Implemented secondary concept",
      "bs": "e-enable extensible e-tailers"
    }
  },
  {
    "id": 9,
    "name": "Glenna Reichert",
    "username": "Delphine",
    "email": "Chaim_McDermott@dana.io",
    "address": {
      "street": "Dayna Park",
      "suite": "Suite 449",
      "city": "Bartholomebury",
      "zipcode": "76495-3109",
      "geo": {
        "lat": "24.6463",
        "lng": "-168.8889"
      }
    },
    "phone": "(775)976-6794 x41206",
    "website": "conrad.com",
    "company": {
      "name": "Yost and Sons",
      "catchPhrase": "Switchable contextually-based project",
      "bs": "aggregate real-time technologies"
    }
  },
  {
    "id": 10,
    "name": "Clementina DuBuque",
    "username": "Moriah.Stanton",
    "email": "Rey.Padberg@karina.biz",
    "address": {
      "street": "Kattie Turnpike",
      "suite": "Suite 198",
      "city": "Lebsackbury",
      "zipcode": "31428-2261",
      "geo": {
        "lat": "-38.2386",
        "lng": "57.2232"
      }
    },
    "phone": "024-648-3804",
    "website": "ambrose.net",
    "company": {
      "name": "Hoeger LLC",
      "catchPhrase": "Centralized empowering task-force",
      "bs": "target end-to-end models"
    }
  }
]

11:20:43.152 [pool-2-thread-1] DEBUG com.intuit.karate - request:
2 > GET https://jsonplaceholder.typicode.com/users/1
2 > Host: jsonplaceholder.typicode.com
2 > Connection: Keep-Alive
2 > User-Agent: Apache-HttpClient/4.5.14 (Java/17.0.16)
2 > Accept-Encoding: gzip,deflate


11:20:43.230 [pool-2-thread-2] DEBUG com.intuit.karate - response time in milliseconds: 478
1 < 201
1 < Date: Mon, 29 Dec 2025 07:20:43 GMT
1 < Content-Type: application/json; charset=utf-8
1 < Content-Length: 216
1 < Connection: keep-alive
1 < access-control-allow-credentials: true
1 < access-control-expose-headers: Location
1 < Cache-Control: no-cache
1 < etag: W/"d8-pYV7+YuMGP2hxHPU9ARrf97ifDA"
1 < expires: -1
1 < location: https://jsonplaceholder.typicode.com/users/11
1 < nel: {"report_to":"heroku-nel","response_headers":["Via"],"max_age":3600,"success_fraction":0.01,"failure_fraction":0.1}
1 < pragma: no-cache
1 < report-to: {"group":"heroku-nel","endpoints":[{"url":"https://nel.heroku.com/reports?s=sTZ71i6erKRyDvU1CdK%2F9yPa61nweC7GF2AsImMZ2c0%3D\u0026sid=e11707d5-02a7-43ef-b45e-2cf4d2036f7d\u0026ts=1766992843"}],"max_age":3600}
1 < reporting-endpoints: heroku-nel="https://nel.heroku.com/reports?s=sTZ71i6erKRyDvU1CdK%2F9yPa61nweC7GF2AsImMZ2c0%3D&sid=e11707d5-02a7-43ef-b45e-2cf4d2036f7d&ts=1766992843"
1 < Server: cloudflare
1 < vary: Origin, X-HTTP-Method-Override, Accept-Encoding
1 < via: 2.0 heroku-router
1 < x-content-type-options: nosniff
1 < x-powered-by: Express
1 < x-ratelimit-limit: 1000
1 < x-ratelimit-remaining: 999
1 < x-ratelimit-reset: 1766992877
1 < cf-cache-status: DYNAMIC
1 < Server-Timing: cfCacheStatus;desc="DYNAMIC"
1 < Server-Timing: cfEdge;dur=2,cfOrigin;dur=95
1 < CF-RAY: 9b5789556824e1b0-MRS
1 < alt-svc: h3=":443"; ma=86400
{
  "name": "Test User",
  "username": "testuser",
  "email": "test@user.com",
  "address": {
    "street": "Has No Name",
    "suite": "Apt. 123",
    "city": "Electri",
    "zipcode": "54321-6789"
  },
  "id": 11
}

11:20:43.232 [pool-2-thread-2] INFO  com.intuit.karate - [print] created id is:  11 
11:20:43.426 [pool-2-thread-1] DEBUG com.intuit.karate - response time in milliseconds: 273
2 < 200
2 < Date: Mon, 29 Dec 2025 07:20:43 GMT
2 < Content-Type: application/json; charset=utf-8
2 < Transfer-Encoding: chunked
2 < Connection: keep-alive
2 < access-control-allow-credentials: true
2 < Cache-Control: max-age=43200
2 < etag: W/"1fd-+2Y3G3w049iSZtw5t1mzSnunngE"
2 < expires: -1
2 < nel: {"report_to":"heroku-nel","response_headers":["Via"],"max_age":3600,"success_fraction":0.01,"failure_fraction":0.1}
2 < pragma: no-cache
2 < report-to: {"group":"heroku-nel","endpoints":[{"url":"https://nel.heroku.com/reports?s=d2RHKDfVOuUwz6fsA5Vi6DU0RKMURpo76KUkYsvGLlk%3D\u0026sid=e11707d5-02a7-43ef-b45e-2cf4d2036f7d\u0026ts=1766987911"}],"max_age":3600}
2 < reporting-endpoints: heroku-nel="https://nel.heroku.com/reports?s=d2RHKDfVOuUwz6fsA5Vi6DU0RKMURpo76KUkYsvGLlk%3D&sid=e11707d5-02a7-43ef-b45e-2cf4d2036f7d&ts=1766987911"
2 < Server: cloudflare
2 < vary: Origin, Accept-Encoding
2 < via: 2.0 heroku-router
2 < x-content-type-options: nosniff
2 < x-powered-by: Express
2 < x-ratelimit-limit: 1000
2 < x-ratelimit-remaining: 954
2 < x-ratelimit-reset: 1766987957
2 < Age: 4931
2 < Server-Timing: cfCacheStatus;desc="HIT"
2 < Server-Timing: cfEdge;dur=3,cfOrigin;dur=0
2 < cf-cache-status: HIT
2 < CF-RAY: 9b5789573829e1ac-MRS
2 < alt-svc: h3=":443"; ma=86400
{
  "id": 1,
  "name": "Leanne Graham",
  "username": "Bret",
  "email": "Sincere@april.biz",
  "address": {
    "street": "Kulas Light",
    "suite": "Apt. 556",
    "city": "Gwenborough",
    "zipcode": "92998-3874",
    "geo": {
      "lat": "-37.3159",
      "lng": "81.1496"
    }
  },
  "phone": "1-770-736-8031 x56442",
  "website": "hildegard.org",
  "company": {
    "name": "Romaguera-Crona",
    "catchPhrase": "Multi-layered client-server neural-net",
    "bs": "harness real-time e-markets"
  }
}

11:20:43.647 [pool-3-thread-1] INFO  com.intuit.karate.Suite - <<pass>> feature 1 of 1 (0 remaining) classpath:examples/users/users.feature
